<?xml version="1.0" encoding="UTF-8"?>
<testng-results ignored="0" total="1" passed="1" failed="0" skipped="0">
  <reporter-output>
  </reporter-output>
  <suite started-at="2023-03-29T10:37:31 IST" name="Suite" finished-at="2023-03-29T10:37:48 IST" duration-ms="17214">
    <groups>
    </groups>
    <test started-at="2023-03-29T10:37:31 IST" name="Test" finished-at="2023-03-29T10:37:48 IST" duration-ms="17214">
      <class name="driversetup.multipledrivers">
        <test-method is-config="true" signature="report()[pri:0, instance:driversetup.multipledrivers@5a45133e]" started-at="2023-03-29T10:37:30 IST" name="report" finished-at="2023-03-29T10:37:31 IST" duration-ms="292" status="PASS">
          <reporter-output>
          </reporter-output>
        </test-method> <!-- report -->
        <test-method is-config="true" signature="setup(java.lang.String)[pri:0, instance:driversetup.multipledrivers@5a45133e]" started-at="2023-03-29T10:37:31 IST" name="setup" finished-at="2023-03-29T10:37:36 IST" duration-ms="5479" status="PASS">
          <params>
            <param index="0">
              <value>
                <![CDATA[chrome]]>
              </value>
            </param>
          </params>
          <reporter-output>
          </reporter-output>
        </test-method> <!-- setup -->
        <test-method signature="loginwebsite()[pri:0, instance:driversetup.multipledrivers@5a45133e]" started-at="2023-03-29T10:37:36 IST" name="loginwebsite" finished-at="2023-03-29T10:37:48 IST" duration-ms="11544" status="PASS">
          <reporter-output>
          </reporter-output>
        </test-method> <!-- loginwebsite -->
        <test-method is-config="true" signature="closebrowser()[pri:0, instance:driversetup.multipledrivers@5a45133e]" started-at="2023-03-29T10:37:48 IST" name="closebrowser" finished-at="2023-03-29T10:37:48 IST" duration-ms="161" status="PASS">
          <reporter-output>
          </reporter-output>
        </test-method> <!-- closebrowser -->
        <test-method is-config="true" signature="teardown()[pri:0, instance:driversetup.multipledrivers@5a45133e]" started-at="2023-03-29T10:37:48 IST" name="teardown" finished-at="2023-03-29T10:37:49 IST" duration-ms="695" status="PASS">
          <reporter-output>
          </reporter-output>
        </test-method> <!-- teardown -->
      </class> <!-- driversetup.multipledrivers -->
    </test> <!-- Test -->
  </suite> <!-- Suite -->
</testng-results>
